<?xml version="1.0" encoding="UTF-8"?>
<!-- Generated by org.testng.reporters.JUnitXMLReporter -->
<testsuite ignored="0" hostname="Flemingo" failures="1" tests="1" name="Test" time="0.052" errors="0" timestamp="2022-05-23T22:58:26 IST">
  <testcase classname="webpage.NavigationPage" name="multiplePages" time="0.01">
    <failure type="java.io.FileNotFoundException" message="F:\Selenium_Workspace_May_2022\Assignment\src\main\resources\resources\data.properties (The system cannot find the path specified)">
      <![CDATA[java.io.FileNotFoundException: F:\Selenium_Workspace_May_2022\Assignment\src\main\resources\resources\data.properties (The system cannot find the path specified)
at java.base/java.io.FileInputStream.open0(Native Method)
at java.base/java.io.FileInputStream.open(FileInputStream.java:216)
at java.base/java.io.FileInputStream.<init>(FileInputStream.java:157)
at java.base/java.io.FileInputStream.<init>(FileInputStream.java:111)
at resources.Base.initializeDriver(Base.java:20)
at webpage.NavigationPage.multiplePages(NavigationPage.java:14)
at java.base/java.util.ArrayList.forEach(ArrayList.java:1511)
... Removed 27 stack frames]]>
    </failure>
  </testcase> <!-- multiplePages -->
</testsuite> <!-- Test -->
